0 info it worked if it ends with ok
1 verbose cli [ 'C:\\Program Files\\nodejs\\node.exe',
1 verbose cli   'C:\\Program Files\\nodejs\\node_modules\\npm\\bin\\npm-cli.js',
1 verbose cli   'run',
1 verbose cli   'port' ]
2 info using npm@3.10.10
3 info using node@v6.10.3
4 verbose run-script [ 'preport', 'port', 'postport' ]
5 info lifecycle WHHR@1.0.0~preport: WHHR@1.0.0
6 silly lifecycle WHHR@1.0.0~preport: no script for preport, continuing
7 info lifecycle WHHR@1.0.0~port: WHHR@1.0.0
8 verbose lifecycle WHHR@1.0.0~port: unsafe-perm in lifecycle true
9 verbose lifecycle WHHR@1.0.0~port: PATH: C:\Program Files\nodejs\node_modules\npm\bin\node-gyp-bin;E:\WolfERP\ERP.UI\WHHR\node_modules\.bin;%SystemRoot%\system32;%SystemRoot%;%SystemRoot%\System32\Wbem;%SYSTEMROOT%\System32\WindowsPowerShell\v1.0\;C:\Program Files\Git\cmd;C:\Program Files\TortoiseGit\bin;C:\Program Files\nodejs\;C:\Program Files (x86)\VisualSVN\bin;C:\Program Files\TortoiseSVN\bin;C:\Program Files (x86)\ATI Technologies\ATI.ACE\Core-Static;C:\windows\system32;C:\windows;C:\windows\System32\Wbem;C:\Users\Administrator\AppData\Roaming\npm
10 verbose lifecycle WHHR@1.0.0~port: CWD: E:\WolfERP\ERP.UI\WHHR
11 silly lifecycle WHHR@1.0.0~port: Args: [ '/d /s /c',
11 silly lifecycle   'webpack-dev-server --progress --colors --inline --port 9090 ' ]
12 silly lifecycle WHHR@1.0.0~port: Returned: code: 3221225786  signal: null
13 info lifecycle WHHR@1.0.0~port: Failed to exec port script
14 verbose stack Error: WHHR@1.0.0 port: `webpack-dev-server --progress --colors --inline --port 9090 `
14 verbose stack Exit status 3221225786
14 verbose stack     at EventEmitter.<anonymous> (C:\Program Files\nodejs\node_modules\npm\lib\utils\lifecycle.js:255:16)
14 verbose stack     at emitTwo (events.js:106:13)
14 verbose stack     at EventEmitter.emit (events.js:191:7)
14 verbose stack     at ChildProcess.<anonymous> (C:\Program Files\nodejs\node_modules\npm\lib\utils\spawn.js:40:14)
14 verbose stack     at emitTwo (events.js:106:13)
14 verbose stack     at ChildProcess.emit (events.js:191:7)
14 verbose stack     at maybeClose (internal/child_process.js:886:16)
14 verbose stack     at Process.ChildProcess._handle.onexit (internal/child_process.js:226:5)
15 verbose pkgid WHHR@1.0.0
16 verbose cwd E:\WolfERP\ERP.UI\WHHR
17 error Windows_NT 6.1.7601
18 error argv "C:\\Program Files\\nodejs\\node.exe" "C:\\Program Files\\nodejs\\node_modules\\npm\\bin\\npm-cli.js" "run" "port"
19 error node v6.10.3
20 error npm  v3.10.10
21 error code ELIFECYCLE
22 error WHHR@1.0.0 port: `webpack-dev-server --progress --colors --inline --port 9090 `
22 error Exit status 3221225786
23 error Failed at the WHHR@1.0.0 port script 'webpack-dev-server --progress --colors --inline --port 9090 '.
23 error Make sure you have the latest version of node.js and npm installed.
23 error If you do, this is most likely a problem with the WHHR package,
23 error not with npm itself.
23 error Tell the author that this fails on your system:
23 error     webpack-dev-server --progress --colors --inline --port 9090
23 error You can get information on how to open an issue for this project with:
23 error     npm bugs WHHR
23 error Or if that isn't available, you can get their info via:
23 error     npm owner ls WHHR
23 error There is likely additional logging output above.
24 verbose exit [ 1, true ]
